<?xml version="1.0" encoding="UTF-8" ?>
<testsuite tests="1" failures="0" name="EzPay.Transactions.Test.TransactionStatusImplTest" time="0.001" errors="1" skipped="0">
  <properties>
[...]
</properties>
  <testcase classname="EzPay.Transactions.Test.TransactionStatusImplTest" name="EzPay.Transactions.Test.TransactionStatusImplTest" time="0.001">
    <error message="EntityManagerFactory is closed" type="java.lang.IllegalStateException">java.lang.IllegalStateException: EntityManagerFactory is closed
	at org.hibernate.internal.SessionFactoryImpl.validateNotClosed(SessionFactoryImpl.java:547)
	at org.hibernate.internal.SessionFactoryImpl.getCache(SessionFactoryImpl.java:864)
	at org.hibernate.internal.AbstractSharedSessionContract.&lt;init&gt;(AbstractSharedSessionContract.java:159)
	at org.hibernate.internal.AbstractSessionImpl.&lt;init&gt;(AbstractSessionImpl.java:29)
	at org.hibernate.internal.SessionImpl.&lt;init&gt;(SessionImpl.java:230)
	at org.hibernate.internal.SessionFactoryImpl$SessionBuilderImpl.openSession(SessionFactoryImpl.java:1334)
	at org.hibernate.internal.SessionFactoryImpl.openSession(SessionFactoryImpl.java:486)
	at EzPay.Transactions.Test.TransactionStatusImplTest.setupClass(TransactionStatusImplTest.java:20)
	at java.base/jdk.internal.reflect.NativeMethodAccessorImpl.invoke0(Native Method)
	at java.base/jdk.internal.reflect.NativeMethodAccessorImpl.invoke(NativeMethodAccessorImpl.java:77)
	at java.base/jdk.internal.reflect.DelegatingMethodAccessorImpl.invoke(DelegatingMethodAccessorImpl.java:43)
	at java.base/java.lang.reflect.Method.invoke(Method.java:568)
	at org.junit.runners.model.FrameworkMethod$1.runReflectiveCall(FrameworkMethod.java:59)
	at org.junit.internal.runners.model.ReflectiveCallable.run(ReflectiveCallable.java:12)
	at org.junit.runners.model.FrameworkMethod.invokeExplosively(FrameworkMethod.java:56)
	at org.junit.internal.runners.statements.RunBefores.invokeMethod(RunBefores.java:33)
	at org.junit.internal.runners.statements.RunBefores.evaluate(RunBefores.java:24)
	at org.junit.internal.runners.statements.RunAfters.evaluate(RunAfters.java:27)
	at org.junit.runners.ParentRunner$3.evaluate(ParentRunner.java:306)
	at org.junit.runners.ParentRunner.run(ParentRunner.java:413)
	at org.apache.maven.surefire.junit4.JUnit4Provider.execute(JUnit4Provider.java:252)
	at org.apache.maven.surefire.junit4.JUnit4Provider.executeTestSet(JUnit4Provider.java:141)
	at org.apache.maven.surefire.junit4.JUnit4Provider.invoke(JUnit4Provider.java:112)
	at java.base/jdk.internal.reflect.NativeMethodAccessorImpl.invoke0(Native Method)
	at java.base/jdk.internal.reflect.NativeMethodAccessorImpl.invoke(NativeMethodAccessorImpl.java:77)
	at java.base/jdk.internal.reflect.DelegatingMethodAccessorImpl.invoke(DelegatingMethodAccessorImpl.java:43)
	at java.base/java.lang.reflect.Method.invoke(Method.java:568)
	at org.apache.maven.surefire.util.ReflectionUtils.invokeMethodWithArray(ReflectionUtils.java:189)
	at org.apache.maven.surefire.booter.ProviderFactory$ProviderProxy.invoke(ProviderFactory.java:165)
	at org.apache.maven.surefire.booter.ProviderFactory.invokeProvider(ProviderFactory.java:85)
	at org.apache.maven.surefire.booter.ForkedBooter.runSuitesInProcess(ForkedBooter.java:115)
	at org.apache.maven.surefire.booter.ForkedBooter.main(ForkedBooter.java:75)
</error>
    <system-err>Sep 02, 2024 11:35:02 PM org.hibernate.engine.jdbc.connections.internal.DriverManagerConnectionProviderImpl$PoolState stop
INFO: HHH10001008: Cleaning up connection pool [jdbc:oracle:thin:@localhost:1521:xe]
</system-err>
  </testcase>
</testsuite>