<?xml version="1.0" encoding="UTF-8" ?>
<testsuite tests="12" failures="0" name="EzPay.Transactions.Test.TransactionFilterImpTest" time="0.364" errors="0" skipped="0">
  <properties>
[...]
</properties>
  <testcase classname="EzPay.Transactions.Test.TransactionFilterImpTest" name="testGetTransactionsByAmount" time="0.193"/>
  <testcase classname="EzPay.Transactions.Test.TransactionFilterImpTest" name="testGetTransactionsByMode" time="0.011"/>
  <testcase classname="EzPay.Transactions.Test.TransactionFilterImpTest" name="testGetTransactionsByType" time="0.025"/>
  <testcase classname="EzPay.Transactions.Test.TransactionFilterImpTest" name="testGetTransactionsByDescription" time="0.015"/>
  <testcase classname="EzPay.Transactions.Test.TransactionFilterImpTest" name="testGetTransactionsBySenderAccount" time="0.013"/>
  <testcase classname="EzPay.Transactions.Test.TransactionFilterImpTest" name="testGetAllTransactions" time="0.024"/>
  <testcase classname="EzPay.Transactions.Test.TransactionFilterImpTest" name="testGetTransactionsByCurrency" time="0.011"/>
  <testcase classname="EzPay.Transactions.Test.TransactionFilterImpTest" name="testGetTransactionsByMaxAmount" time="0.023"/>
  <testcase classname="EzPay.Transactions.Test.TransactionFilterImpTest" name="testGetTransactionsByReceiverAccount" time="0.009"/>
  <testcase classname="EzPay.Transactions.Test.TransactionFilterImpTest" name="testGetTransactionsByMinAmount" time="0.01"/>
  <testcase classname="EzPay.Transactions.Test.TransactionFilterImpTest" name="testGetTransactionsByDateRange" time="0.021"/>
  <testcase classname="EzPay.Transactions.Test.TransactionFilterImpTest" name="testGetTransactionByTransactionId" time="0.009"/>
</testsuite>